[ 2023-01-26 01:05:21,698 ] 14 root - INFO - >>>>>>>>>>>>>>>>>>>>>>>>>>>>>>>>>>>>>>>> Data Ingestion <<<<<<<<<<<<<<<<<<<<<<<<<<<<<<<<<<<<<<<<
[ 2023-01-26 01:05:21,698 ] 21 root - INFO - Exporting collection data as pandas dataframe
[ 2023-01-26 01:05:21,698 ] 21 root - INFO - Reading data from database: aps and collection: sensor
[ 2023-01-26 01:05:24,861 ] 23 root - INFO - Found columns: Index(['_id', 'class', 'aa_000', 'ab_000', 'ac_000', 'ad_000', 'ae_000',
       'af_000', 'ag_000', 'ag_001',
       ...
       'ee_002', 'ee_003', 'ee_004', 'ee_005', 'ee_006', 'ee_007', 'ee_008',
       'ee_009', 'ef_000', 'eg_000'],
      dtype='object', length=172)
[ 2023-01-26 01:05:24,862 ] 25 root - INFO - Dropping column: _id 
[ 2023-01-26 01:05:25,056 ] 27 root - INFO - Row and columns in df: (36188, 171)
[ 2023-01-26 01:05:25,056 ] 27 root - INFO - Save data in feature store
[ 2023-01-26 01:05:25,572 ] 33 root - INFO - Create feature store folder if not available
[ 2023-01-26 01:05:25,573 ] 37 root - INFO - Save df to feature store folder
[ 2023-01-26 01:05:27,946 ] 42 root - INFO - split dataset into train and test set
[ 2023-01-26 01:05:28,478 ] 46 root - INFO - create dataset directory folder if not available
[ 2023-01-26 01:05:28,478 ] 51 root - INFO - Save df to feature store folder
[ 2023-01-26 01:05:30,622 ] 62 root - INFO - Data ingestion artifact: DataIngestionArtifact(feature_store_file_path='/config/workspace/artifact/01262023__010521/data_ingestion/feature_store/sensor.csv', train_file_path='/config/workspace/artifact/01262023__010521/data_ingestion/dataset/train.csv', test_file_path='/config/workspace/artifact/01262023__010521/data_ingestion/dataset/test.csv')
[ 2023-01-26 01:05:31,038 ] 20 root - INFO - >>>>>>>>>>>>>>>>>>>>>>>>>>>>>>>>>>>>>>>> Data Validation <<<<<<<<<<<<<<<<<<<<<<<<<<<<<<<<<<<<<<<<
[ 2023-01-26 01:05:31,038 ] 108 root - INFO - Reading base dataframe
[ 2023-01-26 01:05:33,841 ] 111 root - INFO - Replace na value in base df
[ 2023-01-26 01:05:33,841 ] 113 root - INFO - Drop null values colums from base df
[ 2023-01-26 01:05:34,772 ] 42 root - INFO - selecting column name which contains null above to 0.2
[ 2023-01-26 01:05:34,772 ] 45 root - INFO - Columns to drop: ['ab_000', 'ad_000', 'bk_000', 'bl_000', 'bm_000', 'bn_000', 'bo_000', 'bp_000', 'bq_000', 'br_000', 'cf_000', 'cg_000', 'ch_000', 'co_000', 'cr_000', 'ct_000', 'cu_000', 'cv_000', 'cx_000', 'cy_000', 'cz_000', 'da_000', 'db_000', 'dc_000']
[ 2023-01-26 01:05:34,851 ] 116 root - INFO - Reading train dataframe
[ 2023-01-26 01:05:35,243 ] 118 root - INFO - Reading test dataframe
[ 2023-01-26 01:05:35,342 ] 121 root - INFO - Drop null values colums from train df
[ 2023-01-26 01:05:35,353 ] 42 root - INFO - selecting column name which contains null above to 0.2
[ 2023-01-26 01:05:35,354 ] 45 root - INFO - Columns to drop: ['ab_000', 'ad_000', 'bk_000', 'bl_000', 'bm_000', 'bn_000', 'bo_000', 'bp_000', 'bq_000', 'br_000', 'cf_000', 'cg_000', 'ch_000', 'co_000', 'cr_000', 'ct_000', 'cu_000', 'cv_000', 'cx_000', 'cy_000', 'cz_000', 'da_000', 'db_000', 'dc_000']
[ 2023-01-26 01:05:35,363 ] 123 root - INFO - Drop null values colums from test df
[ 2023-01-26 01:05:35,367 ] 42 root - INFO - selecting column name which contains null above to 0.2
[ 2023-01-26 01:05:35,367 ] 45 root - INFO - Columns to drop: ['ab_000', 'ad_000', 'bk_000', 'bl_000', 'bm_000', 'bn_000', 'bo_000', 'bp_000', 'bq_000', 'br_000', 'cf_000', 'cg_000', 'ch_000', 'co_000', 'cr_000', 'ct_000', 'cu_000', 'cv_000', 'cx_000', 'cy_000', 'cz_000', 'da_000', 'db_000', 'dc_000']
[ 2023-01-26 01:05:41,196 ] 132 root - INFO - Is all required columns present in train df
[ 2023-01-26 01:05:41,197 ] 134 root - INFO - Is all required columns present in test df
[ 2023-01-26 01:05:41,197 ] 138 root - INFO - As all column are available in train df hence detecting data drift
[ 2023-01-26 01:05:41,197 ] 86 root - INFO - Hypothesis class: object, object 
[ 2023-01-26 01:05:41,335 ] 86 root - INFO - Hypothesis aa_000: float64, float64 
[ 2023-01-26 01:05:41,346 ] 86 root - INFO - Hypothesis ac_000: float64, float64 
[ 2023-01-26 01:05:41,386 ] 86 root - INFO - Hypothesis ae_000: float64, float64 
[ 2023-01-26 01:05:41,423 ] 86 root - INFO - Hypothesis af_000: float64, float64 
[ 2023-01-26 01:05:41,459 ] 86 root - INFO - Hypothesis ag_000: float64, float64 
[ 2023-01-26 01:05:41,495 ] 86 root - INFO - Hypothesis ag_001: float64, float64 
[ 2023-01-26 01:05:41,530 ] 86 root - INFO - Hypothesis ag_002: float64, float64 
[ 2023-01-26 01:05:41,567 ] 86 root - INFO - Hypothesis ag_003: float64, float64 
[ 2023-01-26 01:05:41,573 ] 86 root - INFO - Hypothesis ag_004: float64, float64 
[ 2023-01-26 01:05:41,583 ] 86 root - INFO - Hypothesis ag_005: float64, float64 
[ 2023-01-26 01:05:41,593 ] 86 root - INFO - Hypothesis ag_006: float64, float64 
[ 2023-01-26 01:05:41,604 ] 86 root - INFO - Hypothesis ag_007: float64, float64 
[ 2023-01-26 01:05:41,613 ] 86 root - INFO - Hypothesis ag_008: float64, float64 
[ 2023-01-26 01:05:41,621 ] 86 root - INFO - Hypothesis ag_009: float64, float64 
[ 2023-01-26 01:05:41,628 ] 86 root - INFO - Hypothesis ah_000: float64, float64 
[ 2023-01-26 01:05:41,638 ] 86 root - INFO - Hypothesis ai_000: float64, float64 
[ 2023-01-26 01:05:41,675 ] 86 root - INFO - Hypothesis aj_000: float64, float64 
[ 2023-01-26 01:05:41,681 ] 86 root - INFO - Hypothesis ak_000: float64, float64 
[ 2023-01-26 01:05:41,718 ] 86 root - INFO - Hypothesis al_000: float64, float64 
[ 2023-01-26 01:05:41,726 ] 86 root - INFO - Hypothesis am_0: float64, float64 
[ 2023-01-26 01:05:41,733 ] 86 root - INFO - Hypothesis an_000: float64, float64 
[ 2023-01-26 01:05:41,743 ] 86 root - INFO - Hypothesis ao_000: float64, float64 
[ 2023-01-26 01:05:41,754 ] 86 root - INFO - Hypothesis ap_000: float64, float64 
[ 2023-01-26 01:05:41,765 ] 86 root - INFO - Hypothesis aq_000: float64, float64 
[ 2023-01-26 01:05:41,776 ] 86 root - INFO - Hypothesis ar_000: float64, float64 
[ 2023-01-26 01:05:41,812 ] 86 root - INFO - Hypothesis as_000: float64, float64 
[ 2023-01-26 01:05:41,848 ] 86 root - INFO - Hypothesis at_000: float64, float64 
[ 2023-01-26 01:05:41,885 ] 86 root - INFO - Hypothesis au_000: float64, float64 
[ 2023-01-26 01:05:41,921 ] 86 root - INFO - Hypothesis av_000: float64, float64 
[ 2023-01-26 01:05:41,929 ] 86 root - INFO - Hypothesis ax_000: float64, float64 
[ 2023-01-26 01:05:41,937 ] 86 root - INFO - Hypothesis ay_000: float64, float64 
[ 2023-01-26 01:05:41,974 ] 86 root - INFO - Hypothesis ay_001: float64, float64 
[ 2023-01-26 01:05:42,010 ] 86 root - INFO - Hypothesis ay_002: float64, float64 
[ 2023-01-26 01:05:42,048 ] 86 root - INFO - Hypothesis ay_003: float64, float64 
[ 2023-01-26 01:05:42,084 ] 86 root - INFO - Hypothesis ay_004: float64, float64 
[ 2023-01-26 01:05:42,119 ] 86 root - INFO - Hypothesis ay_005: float64, float64 
[ 2023-01-26 01:05:42,160 ] 86 root - INFO - Hypothesis ay_006: float64, float64 
[ 2023-01-26 01:05:42,169 ] 86 root - INFO - Hypothesis ay_007: float64, float64 
[ 2023-01-26 01:05:42,179 ] 86 root - INFO - Hypothesis ay_008: float64, float64 
[ 2023-01-26 01:05:42,189 ] 86 root - INFO - Hypothesis ay_009: float64, float64 
[ 2023-01-26 01:05:42,225 ] 86 root - INFO - Hypothesis az_000: float64, float64 
[ 2023-01-26 01:05:42,235 ] 86 root - INFO - Hypothesis az_001: float64, float64 
[ 2023-01-26 01:05:42,244 ] 86 root - INFO - Hypothesis az_002: float64, float64 
[ 2023-01-26 01:05:42,253 ] 86 root - INFO - Hypothesis az_003: float64, float64 
[ 2023-01-26 01:05:42,263 ] 86 root - INFO - Hypothesis az_004: float64, float64 
[ 2023-01-26 01:05:42,274 ] 86 root - INFO - Hypothesis az_005: float64, float64 
[ 2023-01-26 01:05:42,284 ] 86 root - INFO - Hypothesis az_006: float64, float64 
[ 2023-01-26 01:05:42,325 ] 86 root - INFO - Hypothesis az_007: float64, float64 
[ 2023-01-26 01:05:42,363 ] 86 root - INFO - Hypothesis az_008: float64, float64 
[ 2023-01-26 01:05:42,399 ] 86 root - INFO - Hypothesis az_009: float64, float64 
[ 2023-01-26 01:05:42,436 ] 86 root - INFO - Hypothesis ba_000: float64, float64 
[ 2023-01-26 01:05:42,446 ] 86 root - INFO - Hypothesis ba_001: float64, float64 
[ 2023-01-26 01:05:42,457 ] 86 root - INFO - Hypothesis ba_002: float64, float64 
[ 2023-01-26 01:05:42,467 ] 86 root - INFO - Hypothesis ba_003: float64, float64 
[ 2023-01-26 01:05:42,477 ] 86 root - INFO - Hypothesis ba_004: float64, float64 
[ 2023-01-26 01:05:42,487 ] 86 root - INFO - Hypothesis ba_005: float64, float64 
[ 2023-01-26 01:05:42,497 ] 86 root - INFO - Hypothesis ba_006: float64, float64 
[ 2023-01-26 01:05:42,507 ] 86 root - INFO - Hypothesis ba_007: float64, float64 
[ 2023-01-26 01:05:42,516 ] 86 root - INFO - Hypothesis ba_008: float64, float64 
[ 2023-01-26 01:05:42,557 ] 86 root - INFO - Hypothesis ba_009: float64, float64 
[ 2023-01-26 01:05:42,596 ] 86 root - INFO - Hypothesis bb_000: float64, float64 
[ 2023-01-26 01:05:42,606 ] 86 root - INFO - Hypothesis bc_000: float64, float64 
[ 2023-01-26 01:05:42,646 ] 86 root - INFO - Hypothesis bd_000: float64, float64 
[ 2023-01-26 01:05:42,654 ] 86 root - INFO - Hypothesis be_000: float64, float64 
[ 2023-01-26 01:05:42,662 ] 86 root - INFO - Hypothesis bf_000: float64, float64 
[ 2023-01-26 01:05:42,669 ] 86 root - INFO - Hypothesis bg_000: float64, float64 
[ 2023-01-26 01:05:42,679 ] 86 root - INFO - Hypothesis bh_000: float64, float64 
[ 2023-01-26 01:05:42,690 ] 86 root - INFO - Hypothesis bi_000: float64, float64 
[ 2023-01-26 01:05:42,700 ] 86 root - INFO - Hypothesis bj_000: float64, float64 
[ 2023-01-26 01:05:42,711 ] 86 root - INFO - Hypothesis bs_000: float64, float64 
[ 2023-01-26 01:05:42,722 ] 86 root - INFO - Hypothesis bt_000: float64, float64 
[ 2023-01-26 01:05:42,733 ] 86 root - INFO - Hypothesis bu_000: float64, float64 
[ 2023-01-26 01:05:42,743 ] 86 root - INFO - Hypothesis bv_000: float64, float64 
[ 2023-01-26 01:05:42,753 ] 86 root - INFO - Hypothesis bx_000: float64, float64 
[ 2023-01-26 01:05:42,763 ] 86 root - INFO - Hypothesis by_000: float64, float64 
[ 2023-01-26 01:05:42,773 ] 86 root - INFO - Hypothesis bz_000: float64, float64 
[ 2023-01-26 01:05:42,782 ] 86 root - INFO - Hypothesis ca_000: float64, float64 
[ 2023-01-26 01:05:42,792 ] 86 root - INFO - Hypothesis cb_000: float64, float64 
[ 2023-01-26 01:05:42,803 ] 86 root - INFO - Hypothesis cc_000: float64, float64 
[ 2023-01-26 01:05:42,813 ] 86 root - INFO - Hypothesis cd_000: float64, float64 
[ 2023-01-26 01:05:42,850 ] 86 root - INFO - Hypothesis ce_000: float64, float64 
[ 2023-01-26 01:05:42,860 ] 86 root - INFO - Hypothesis ci_000: float64, float64 
[ 2023-01-26 01:05:42,870 ] 86 root - INFO - Hypothesis cj_000: float64, float64 
[ 2023-01-26 01:05:42,907 ] 86 root - INFO - Hypothesis ck_000: float64, float64 
[ 2023-01-26 01:05:42,918 ] 86 root - INFO - Hypothesis cl_000: float64, float64 
[ 2023-01-26 01:05:42,923 ] 86 root - INFO - Hypothesis cm_000: float64, float64 
[ 2023-01-26 01:05:42,930 ] 86 root - INFO - Hypothesis cn_000: float64, float64 
[ 2023-01-26 01:05:42,966 ] 86 root - INFO - Hypothesis cn_001: float64, float64 
[ 2023-01-26 01:05:43,004 ] 86 root - INFO - Hypothesis cn_002: float64, float64 
[ 2023-01-26 01:05:43,012 ] 86 root - INFO - Hypothesis cn_003: float64, float64 
[ 2023-01-26 01:05:43,023 ] 86 root - INFO - Hypothesis cn_004: float64, float64 
[ 2023-01-26 01:05:43,033 ] 86 root - INFO - Hypothesis cn_005: float64, float64 
[ 2023-01-26 01:05:43,044 ] 86 root - INFO - Hypothesis cn_006: float64, float64 
[ 2023-01-26 01:05:43,054 ] 86 root - INFO - Hypothesis cn_007: float64, float64 
[ 2023-01-26 01:05:43,063 ] 86 root - INFO - Hypothesis cn_008: float64, float64 
[ 2023-01-26 01:05:43,072 ] 86 root - INFO - Hypothesis cn_009: float64, float64 
[ 2023-01-26 01:05:43,112 ] 86 root - INFO - Hypothesis cp_000: float64, float64 
[ 2023-01-26 01:05:43,152 ] 86 root - INFO - Hypothesis cq_000: float64, float64 
[ 2023-01-26 01:05:43,163 ] 86 root - INFO - Hypothesis cs_000: float64, float64 
[ 2023-01-26 01:05:43,172 ] 86 root - INFO - Hypothesis cs_001: float64, float64 
[ 2023-01-26 01:05:43,181 ] 86 root - INFO - Hypothesis cs_002: float64, float64 
[ 2023-01-26 01:05:43,191 ] 86 root - INFO - Hypothesis cs_003: float64, float64 
[ 2023-01-26 01:05:43,201 ] 86 root - INFO - Hypothesis cs_004: float64, float64 
[ 2023-01-26 01:05:43,211 ] 86 root - INFO - Hypothesis cs_005: float64, float64 
[ 2023-01-26 01:05:43,221 ] 86 root - INFO - Hypothesis cs_006: float64, float64 
[ 2023-01-26 01:05:43,232 ] 86 root - INFO - Hypothesis cs_007: float64, float64 
[ 2023-01-26 01:05:43,242 ] 86 root - INFO - Hypothesis cs_008: float64, float64 
[ 2023-01-26 01:05:43,282 ] 86 root - INFO - Hypothesis cs_009: float64, float64 
[ 2023-01-26 01:05:43,318 ] 86 root - INFO - Hypothesis dd_000: float64, float64 
[ 2023-01-26 01:05:43,327 ] 86 root - INFO - Hypothesis de_000: float64, float64 
[ 2023-01-26 01:05:43,336 ] 86 root - INFO - Hypothesis df_000: float64, float64 
[ 2023-01-26 01:05:43,372 ] 86 root - INFO - Hypothesis dg_000: float64, float64 
[ 2023-01-26 01:05:43,409 ] 86 root - INFO - Hypothesis dh_000: float64, float64 
[ 2023-01-26 01:05:43,414 ] 86 root - INFO - Hypothesis di_000: float64, float64 
[ 2023-01-26 01:05:43,453 ] 86 root - INFO - Hypothesis dj_000: float64, float64 
[ 2023-01-26 01:05:43,489 ] 86 root - INFO - Hypothesis dk_000: float64, float64 
[ 2023-01-26 01:05:43,525 ] 86 root - INFO - Hypothesis dl_000: float64, float64 
[ 2023-01-26 01:05:43,562 ] 86 root - INFO - Hypothesis dm_000: float64, float64 
[ 2023-01-26 01:05:43,598 ] 86 root - INFO - Hypothesis dn_000: float64, float64 
[ 2023-01-26 01:05:43,608 ] 86 root - INFO - Hypothesis do_000: float64, float64 
[ 2023-01-26 01:05:43,617 ] 86 root - INFO - Hypothesis dp_000: float64, float64 
[ 2023-01-26 01:05:43,626 ] 86 root - INFO - Hypothesis dq_000: float64, float64 
[ 2023-01-26 01:05:43,664 ] 86 root - INFO - Hypothesis dr_000: float64, float64 
[ 2023-01-26 01:05:43,702 ] 86 root - INFO - Hypothesis ds_000: float64, float64 
[ 2023-01-26 01:05:43,713 ] 86 root - INFO - Hypothesis dt_000: float64, float64 
[ 2023-01-26 01:05:43,722 ] 86 root - INFO - Hypothesis du_000: float64, float64 
[ 2023-01-26 01:05:43,732 ] 86 root - INFO - Hypothesis dv_000: float64, float64 
[ 2023-01-26 01:05:43,742 ] 86 root - INFO - Hypothesis dx_000: float64, float64 
[ 2023-01-26 01:05:43,785 ] 86 root - INFO - Hypothesis dy_000: float64, float64 
[ 2023-01-26 01:05:43,824 ] 86 root - INFO - Hypothesis dz_000: float64, float64 
[ 2023-01-26 01:05:43,861 ] 86 root - INFO - Hypothesis ea_000: float64, float64 
[ 2023-01-26 01:05:43,897 ] 86 root - INFO - Hypothesis eb_000: float64, float64 
[ 2023-01-26 01:05:43,905 ] 86 root - INFO - Hypothesis ec_00: float64, float64 
[ 2023-01-26 01:05:43,915 ] 86 root - INFO - Hypothesis ed_000: float64, float64 
[ 2023-01-26 01:05:43,924 ] 86 root - INFO - Hypothesis ee_000: float64, float64 
[ 2023-01-26 01:05:43,934 ] 86 root - INFO - Hypothesis ee_001: float64, float64 
[ 2023-01-26 01:05:43,945 ] 86 root - INFO - Hypothesis ee_002: float64, float64 
[ 2023-01-26 01:05:43,955 ] 86 root - INFO - Hypothesis ee_003: float64, float64 
[ 2023-01-26 01:05:43,965 ] 86 root - INFO - Hypothesis ee_004: float64, float64 
[ 2023-01-26 01:05:43,976 ] 86 root - INFO - Hypothesis ee_005: float64, float64 
[ 2023-01-26 01:05:43,986 ] 86 root - INFO - Hypothesis ee_006: float64, float64 
[ 2023-01-26 01:05:43,997 ] 86 root - INFO - Hypothesis ee_007: float64, float64 
[ 2023-01-26 01:05:44,008 ] 86 root - INFO - Hypothesis ee_008: float64, float64 
[ 2023-01-26 01:05:44,019 ] 86 root - INFO - Hypothesis ee_009: float64, float64 
[ 2023-01-26 01:05:44,029 ] 86 root - INFO - Hypothesis ef_000: float64, float64 
[ 2023-01-26 01:05:44,069 ] 86 root - INFO - Hypothesis eg_000: float64, float64 
[ 2023-01-26 01:05:44,105 ] 141 root - INFO - As all column are available in test df hence detecting data drift
[ 2023-01-26 01:05:44,105 ] 86 root - INFO - Hypothesis class: object, object 
[ 2023-01-26 01:05:44,179 ] 86 root - INFO - Hypothesis aa_000: float64, float64 
[ 2023-01-26 01:05:44,185 ] 86 root - INFO - Hypothesis ac_000: float64, float64 
[ 2023-01-26 01:05:44,191 ] 86 root - INFO - Hypothesis ae_000: float64, float64 
[ 2023-01-26 01:05:44,206 ] 86 root - INFO - Hypothesis af_000: float64, float64 
[ 2023-01-26 01:05:44,221 ] 86 root - INFO - Hypothesis ag_000: float64, float64 
[ 2023-01-26 01:05:44,236 ] 86 root - INFO - Hypothesis ag_001: float64, float64 
[ 2023-01-26 01:05:44,251 ] 86 root - INFO - Hypothesis ag_002: float64, float64 
[ 2023-01-26 01:05:44,254 ] 86 root - INFO - Hypothesis ag_003: float64, float64 
[ 2023-01-26 01:05:44,258 ] 86 root - INFO - Hypothesis ag_004: float64, float64 
[ 2023-01-26 01:05:44,265 ] 86 root - INFO - Hypothesis ag_005: float64, float64 
[ 2023-01-26 01:05:44,272 ] 86 root - INFO - Hypothesis ag_006: float64, float64 
[ 2023-01-26 01:05:44,279 ] 86 root - INFO - Hypothesis ag_007: float64, float64 
[ 2023-01-26 01:05:44,285 ] 86 root - INFO - Hypothesis ag_008: float64, float64 
[ 2023-01-26 01:05:44,291 ] 86 root - INFO - Hypothesis ag_009: float64, float64 
[ 2023-01-26 01:05:44,295 ] 86 root - INFO - Hypothesis ah_000: float64, float64 
[ 2023-01-26 01:05:44,302 ] 86 root - INFO - Hypothesis ai_000: float64, float64 
[ 2023-01-26 01:05:44,306 ] 86 root - INFO - Hypothesis aj_000: float64, float64 
[ 2023-01-26 01:05:44,310 ] 86 root - INFO - Hypothesis ak_000: float64, float64 
[ 2023-01-26 01:05:44,313 ] 86 root - INFO - Hypothesis al_000: float64, float64 
[ 2023-01-26 01:05:44,318 ] 86 root - INFO - Hypothesis am_0: float64, float64 
[ 2023-01-26 01:05:44,323 ] 86 root - INFO - Hypothesis an_000: float64, float64 
[ 2023-01-26 01:05:44,330 ] 86 root - INFO - Hypothesis ao_000: float64, float64 
[ 2023-01-26 01:05:44,337 ] 86 root - INFO - Hypothesis ap_000: float64, float64 
[ 2023-01-26 01:05:44,344 ] 86 root - INFO - Hypothesis aq_000: float64, float64 
[ 2023-01-26 01:05:44,351 ] 86 root - INFO - Hypothesis ar_000: float64, float64 
[ 2023-01-26 01:05:44,367 ] 86 root - INFO - Hypothesis as_000: float64, float64 
[ 2023-01-26 01:05:44,382 ] 86 root - INFO - Hypothesis at_000: float64, float64 
[ 2023-01-26 01:05:44,397 ] 86 root - INFO - Hypothesis au_000: float64, float64 
[ 2023-01-26 01:05:44,412 ] 86 root - INFO - Hypothesis av_000: float64, float64 
[ 2023-01-26 01:05:44,418 ] 86 root - INFO - Hypothesis ax_000: float64, float64 
[ 2023-01-26 01:05:44,423 ] 86 root - INFO - Hypothesis ay_000: float64, float64 
[ 2023-01-26 01:05:44,438 ] 86 root - INFO - Hypothesis ay_001: float64, float64 
[ 2023-01-26 01:05:44,453 ] 86 root - INFO - Hypothesis ay_002: float64, float64 
[ 2023-01-26 01:05:44,468 ] 86 root - INFO - Hypothesis ay_003: float64, float64 
[ 2023-01-26 01:05:44,483 ] 86 root - INFO - Hypothesis ay_004: float64, float64 
[ 2023-01-26 01:05:44,498 ] 86 root - INFO - Hypothesis ay_005: float64, float64 
[ 2023-01-26 01:05:44,503 ] 86 root - INFO - Hypothesis ay_006: float64, float64 
[ 2023-01-26 01:05:44,509 ] 86 root - INFO - Hypothesis ay_007: float64, float64 
[ 2023-01-26 01:05:44,516 ] 86 root - INFO - Hypothesis ay_008: float64, float64 
[ 2023-01-26 01:05:44,523 ] 86 root - INFO - Hypothesis ay_009: float64, float64 
[ 2023-01-26 01:05:44,537 ] 86 root - INFO - Hypothesis az_000: float64, float64 
[ 2023-01-26 01:05:44,544 ] 86 root - INFO - Hypothesis az_001: float64, float64 
[ 2023-01-26 01:05:44,550 ] 86 root - INFO - Hypothesis az_002: float64, float64 
[ 2023-01-26 01:05:44,556 ] 86 root - INFO - Hypothesis az_003: float64, float64 
[ 2023-01-26 01:05:44,563 ] 86 root - INFO - Hypothesis az_004: float64, float64 
[ 2023-01-26 01:05:44,570 ] 86 root - INFO - Hypothesis az_005: float64, float64 
[ 2023-01-26 01:05:44,577 ] 86 root - INFO - Hypothesis az_006: float64, float64 
[ 2023-01-26 01:05:44,583 ] 86 root - INFO - Hypothesis az_007: float64, float64 
[ 2023-01-26 01:05:44,587 ] 86 root - INFO - Hypothesis az_008: float64, float64 
[ 2023-01-26 01:05:44,603 ] 86 root - INFO - Hypothesis az_009: float64, float64 
[ 2023-01-26 01:05:44,618 ] 86 root - INFO - Hypothesis ba_000: float64, float64 
[ 2023-01-26 01:05:44,625 ] 86 root - INFO - Hypothesis ba_001: float64, float64 
[ 2023-01-26 01:05:44,632 ] 86 root - INFO - Hypothesis ba_002: float64, float64 
[ 2023-01-26 01:05:44,639 ] 86 root - INFO - Hypothesis ba_003: float64, float64 
[ 2023-01-26 01:05:44,645 ] 86 root - INFO - Hypothesis ba_004: float64, float64 
[ 2023-01-26 01:05:44,652 ] 86 root - INFO - Hypothesis ba_005: float64, float64 
[ 2023-01-26 01:05:44,659 ] 86 root - INFO - Hypothesis ba_006: float64, float64 
[ 2023-01-26 01:05:44,666 ] 86 root - INFO - Hypothesis ba_007: float64, float64 
[ 2023-01-26 01:05:44,672 ] 86 root - INFO - Hypothesis ba_008: float64, float64 
[ 2023-01-26 01:05:44,677 ] 86 root - INFO - Hypothesis ba_009: float64, float64 
[ 2023-01-26 01:05:44,682 ] 86 root - INFO - Hypothesis bb_000: float64, float64 
[ 2023-01-26 01:05:44,689 ] 86 root - INFO - Hypothesis bc_000: float64, float64 
[ 2023-01-26 01:05:44,694 ] 86 root - INFO - Hypothesis bd_000: float64, float64 
[ 2023-01-26 01:05:44,699 ] 86 root - INFO - Hypothesis be_000: float64, float64 
[ 2023-01-26 01:05:44,705 ] 86 root - INFO - Hypothesis bf_000: float64, float64 
[ 2023-01-26 01:05:44,710 ] 86 root - INFO - Hypothesis bg_000: float64, float64 
[ 2023-01-26 01:05:44,717 ] 86 root - INFO - Hypothesis bh_000: float64, float64 
[ 2023-01-26 01:05:44,723 ] 86 root - INFO - Hypothesis bi_000: float64, float64 
[ 2023-01-26 01:05:44,731 ] 86 root - INFO - Hypothesis bj_000: float64, float64 
[ 2023-01-26 01:05:44,738 ] 86 root - INFO - Hypothesis bs_000: float64, float64 
[ 2023-01-26 01:05:44,744 ] 86 root - INFO - Hypothesis bt_000: float64, float64 
[ 2023-01-26 01:05:44,751 ] 86 root - INFO - Hypothesis bu_000: float64, float64 
[ 2023-01-26 01:05:44,758 ] 86 root - INFO - Hypothesis bv_000: float64, float64 
[ 2023-01-26 01:05:44,765 ] 86 root - INFO - Hypothesis bx_000: float64, float64 
[ 2023-01-26 01:05:44,772 ] 86 root - INFO - Hypothesis by_000: float64, float64 
[ 2023-01-26 01:05:44,779 ] 86 root - INFO - Hypothesis bz_000: float64, float64 
[ 2023-01-26 01:05:44,785 ] 86 root - INFO - Hypothesis ca_000: float64, float64 
[ 2023-01-26 01:05:44,792 ] 86 root - INFO - Hypothesis cb_000: float64, float64 
[ 2023-01-26 01:05:44,799 ] 86 root - INFO - Hypothesis cc_000: float64, float64 
[ 2023-01-26 01:05:44,806 ] 86 root - INFO - Hypothesis cd_000: float64, float64 
[ 2023-01-26 01:05:44,820 ] 86 root - INFO - Hypothesis ce_000: float64, float64 
[ 2023-01-26 01:05:44,827 ] 86 root - INFO - Hypothesis ci_000: float64, float64 
[ 2023-01-26 01:05:44,834 ] 86 root - INFO - Hypothesis cj_000: float64, float64 
[ 2023-01-26 01:05:44,837 ] 86 root - INFO - Hypothesis ck_000: float64, float64 
[ 2023-01-26 01:05:44,844 ] 86 root - INFO - Hypothesis cl_000: float64, float64 
[ 2023-01-26 01:05:44,848 ] 86 root - INFO - Hypothesis cm_000: float64, float64 
[ 2023-01-26 01:05:44,853 ] 86 root - INFO - Hypothesis cn_000: float64, float64 
[ 2023-01-26 01:05:44,868 ] 86 root - INFO - Hypothesis cn_001: float64, float64 
[ 2023-01-26 01:05:44,872 ] 86 root - INFO - Hypothesis cn_002: float64, float64 
[ 2023-01-26 01:05:44,877 ] 86 root - INFO - Hypothesis cn_003: float64, float64 
[ 2023-01-26 01:05:44,884 ] 86 root - INFO - Hypothesis cn_004: float64, float64 
[ 2023-01-26 01:05:44,891 ] 86 root - INFO - Hypothesis cn_005: float64, float64 
[ 2023-01-26 01:05:44,898 ] 86 root - INFO - Hypothesis cn_006: float64, float64 
[ 2023-01-26 01:05:44,905 ] 86 root - INFO - Hypothesis cn_007: float64, float64 
[ 2023-01-26 01:05:44,911 ] 86 root - INFO - Hypothesis cn_008: float64, float64 
[ 2023-01-26 01:05:44,917 ] 86 root - INFO - Hypothesis cn_009: float64, float64 
[ 2023-01-26 01:05:44,923 ] 86 root - INFO - Hypothesis cp_000: float64, float64 
[ 2023-01-26 01:05:44,928 ] 86 root - INFO - Hypothesis cq_000: float64, float64 
[ 2023-01-26 01:05:44,935 ] 86 root - INFO - Hypothesis cs_000: float64, float64 
[ 2023-01-26 01:05:44,941 ] 86 root - INFO - Hypothesis cs_001: float64, float64 
[ 2023-01-26 01:05:44,947 ] 86 root - INFO - Hypothesis cs_002: float64, float64 
[ 2023-01-26 01:05:44,954 ] 86 root - INFO - Hypothesis cs_003: float64, float64 
[ 2023-01-26 01:05:44,961 ] 86 root - INFO - Hypothesis cs_004: float64, float64 
[ 2023-01-26 01:05:44,967 ] 86 root - INFO - Hypothesis cs_005: float64, float64 
[ 2023-01-26 01:05:44,975 ] 86 root - INFO - Hypothesis cs_006: float64, float64 
[ 2023-01-26 01:05:44,982 ] 86 root - INFO - Hypothesis cs_007: float64, float64 
[ 2023-01-26 01:05:44,988 ] 86 root - INFO - Hypothesis cs_008: float64, float64 
[ 2023-01-26 01:05:44,994 ] 86 root - INFO - Hypothesis cs_009: float64, float64 
[ 2023-01-26 01:05:45,009 ] 86 root - INFO - Hypothesis dd_000: float64, float64 
[ 2023-01-26 01:05:45,015 ] 86 root - INFO - Hypothesis de_000: float64, float64 
[ 2023-01-26 01:05:45,021 ] 86 root - INFO - Hypothesis df_000: float64, float64 
[ 2023-01-26 01:05:45,024 ] 86 root - INFO - Hypothesis dg_000: float64, float64 
[ 2023-01-26 01:05:45,028 ] 86 root - INFO - Hypothesis dh_000: float64, float64 
[ 2023-01-26 01:05:45,031 ] 86 root - INFO - Hypothesis di_000: float64, float64 
[ 2023-01-26 01:05:45,035 ] 86 root - INFO - Hypothesis dj_000: float64, float64 
[ 2023-01-26 01:05:45,051 ] 86 root - INFO - Hypothesis dk_000: float64, float64 
[ 2023-01-26 01:05:45,054 ] 86 root - INFO - Hypothesis dl_000: float64, float64 
[ 2023-01-26 01:05:45,070 ] 86 root - INFO - Hypothesis dm_000: float64, float64 
[ 2023-01-26 01:05:45,085 ] 86 root - INFO - Hypothesis dn_000: float64, float64 
[ 2023-01-26 01:05:45,092 ] 86 root - INFO - Hypothesis do_000: float64, float64 
[ 2023-01-26 01:05:45,098 ] 86 root - INFO - Hypothesis dp_000: float64, float64 
[ 2023-01-26 01:05:45,104 ] 86 root - INFO - Hypothesis dq_000: float64, float64 
[ 2023-01-26 01:05:45,109 ] 86 root - INFO - Hypothesis dr_000: float64, float64 
[ 2023-01-26 01:05:45,113 ] 86 root - INFO - Hypothesis ds_000: float64, float64 
[ 2023-01-26 01:05:45,120 ] 86 root - INFO - Hypothesis dt_000: float64, float64 
[ 2023-01-26 01:05:45,126 ] 86 root - INFO - Hypothesis du_000: float64, float64 
[ 2023-01-26 01:05:45,133 ] 86 root - INFO - Hypothesis dv_000: float64, float64 
[ 2023-01-26 01:05:45,140 ] 86 root - INFO - Hypothesis dx_000: float64, float64 
[ 2023-01-26 01:05:45,144 ] 86 root - INFO - Hypothesis dy_000: float64, float64 
[ 2023-01-26 01:05:45,149 ] 86 root - INFO - Hypothesis dz_000: float64, float64 
[ 2023-01-26 01:05:45,164 ] 86 root - INFO - Hypothesis ea_000: float64, float64 
[ 2023-01-26 01:05:45,179 ] 86 root - INFO - Hypothesis eb_000: float64, float64 
[ 2023-01-26 01:05:45,185 ] 86 root - INFO - Hypothesis ec_00: float64, float64 
[ 2023-01-26 01:05:45,191 ] 86 root - INFO - Hypothesis ed_000: float64, float64 
[ 2023-01-26 01:05:45,197 ] 86 root - INFO - Hypothesis ee_000: float64, float64 
[ 2023-01-26 01:05:45,204 ] 86 root - INFO - Hypothesis ee_001: float64, float64 
[ 2023-01-26 01:05:45,211 ] 86 root - INFO - Hypothesis ee_002: float64, float64 
[ 2023-01-26 01:05:45,218 ] 86 root - INFO - Hypothesis ee_003: float64, float64 
[ 2023-01-26 01:05:45,225 ] 86 root - INFO - Hypothesis ee_004: float64, float64 
[ 2023-01-26 01:05:45,232 ] 86 root - INFO - Hypothesis ee_005: float64, float64 
[ 2023-01-26 01:05:45,238 ] 86 root - INFO - Hypothesis ee_006: float64, float64 
[ 2023-01-26 01:05:45,245 ] 86 root - INFO - Hypothesis ee_007: float64, float64 
[ 2023-01-26 01:05:45,251 ] 86 root - INFO - Hypothesis ee_008: float64, float64 
[ 2023-01-26 01:05:45,257 ] 86 root - INFO - Hypothesis ee_009: float64, float64 
[ 2023-01-26 01:05:45,262 ] 86 root - INFO - Hypothesis ef_000: float64, float64 
[ 2023-01-26 01:05:45,277 ] 86 root - INFO - Hypothesis eg_000: float64, float64 
[ 2023-01-26 01:05:45,292 ] 145 root - INFO - Write reprt in yaml file
[ 2023-01-26 01:05:45,469 ] 150 root - INFO - Data validation artifact: DataValidationArtifact(report_file_path='/config/workspace/artifact/01262023__010521/data_validation/report.yaml')
[ 2023-01-26 01:05:45,471 ] 21 root - INFO - >>>>>>>>>>>>>>>>>>>>>>>>>>>>>>>>>>>>>>>> Data Transformation <<<<<<<<<<<<<<<<<<<<<<<<<<<<<<<<<<<<<<<<
[ 2023-01-26 01:05:46,355 ] 66 root - INFO - Before resampling in training set Input: (28950, 170) Target:(28950,)
[ 2023-01-26 01:05:51,701 ] 68 root - INFO - After resampling in training set Input: (56152, 170) Target:(56152,)
[ 2023-01-26 01:05:51,701 ] 70 root - INFO - Before resampling in testing set Input: (7238, 170) Target:(7238,)
[ 2023-01-26 01:05:52,273 ] 72 root - INFO - After resampling in testing set Input: (14072, 170) Target:(14072,)
[ 2023-01-26 01:05:52,378 ] 52 root - INFO - Entered the save_object method of utils
[ 2023-01-26 01:05:52,381 ] 56 root - INFO - Exited the save_object method of utils
[ 2023-01-26 01:05:52,381 ] 52 root - INFO - Entered the save_object method of utils
[ 2023-01-26 01:05:52,382 ] 56 root - INFO - Exited the save_object method of utils
[ 2023-01-26 01:05:52,382 ] 101 root - INFO - Data transformation object DataTransformationArtifact(transform_object_path='/config/workspace/artifact/01262023__010521/data_transformation/transformer/transformer.pkl', transformed_train_path='/config/workspace/artifact/01262023__010521/data_transformation/transformed/train.npz', transformed_test_path='/config/workspace/artifact/01262023__010521/data_transformation/transformed/test.npz', target_encoder_path='/config/workspace/artifact/01262023__010521/data_transformation/target_encoder/target_encoder.pkl')
[ 2023-01-26 01:05:52,383 ] 18 root - INFO - >>>>>>>>>>>>>>>>>>>>>>>>>>>>>>>>>>>>>>>> Model Trainer <<<<<<<<<<<<<<<<<<<<<<<<<<<<<<<<<<<<<<<<
[ 2023-01-26 01:05:52,383 ] 52 root - INFO - Loading train and test array.
[ 2023-01-26 01:05:52,413 ] 56 root - INFO - Splitting input and target feature from both train and test arr.
[ 2023-01-26 01:05:52,413 ] 60 root - INFO - Train the model
[ 2023-01-26 01:05:59,916 ] 63 root - INFO - Calculating f1 train score
[ 2023-01-26 01:05:59,976 ] 67 root - INFO - Calculating f1 test score
[ 2023-01-26 01:05:59,993 ] 70 root - INFO - train score:0.9999821908781678 and tests score 0.9694011365292147
[ 2023-01-26 01:05:59,993 ] 72 root - INFO - Checking if our model is underfitting or not
[ 2023-01-26 01:05:59,994 ] 76 root - INFO - Checking if our model is overfiiting or not
[ 2023-01-26 01:05:59,994 ] 83 root - INFO - Saving mode object
[ 2023-01-26 01:05:59,994 ] 52 root - INFO - Entered the save_object method of utils
[ 2023-01-26 01:06:00,000 ] 56 root - INFO - Exited the save_object method of utils
[ 2023-01-26 01:06:00,000 ] 87 root - INFO - Prepare the artifact
[ 2023-01-26 01:06:00,000 ] 90 root - INFO - Model trainer artifact: ModelTrainerArtifact(model_path='/config/workspace/artifact/01262023__010521/model_trainer/model/model.pkl', f1_train_score=0.9999821908781678, f1_test_score=0.9694011365292147)
[ 2023-01-26 01:06:00,002 ] 19 root - INFO - >>>>>>>>>>>>>>>>>>>>>>>>>>>>>>>>>>>>>>>>  Model Evaluation <<<<<<<<<<<<<<<<<<<<<<<<<<<<<<<<<<<<<<<<
[ 2023-01-26 01:06:00,002 ] 35 root - INFO - if saved model folder has model the we will compare which model is best trained or the model from saved model folder
[ 2023-01-26 01:06:00,002 ] 41 root - INFO - Model evaluation artifact: ModelEvaluationArtifact(is_model_accepted=True, improved_accuracy=None)
[ 2023-01-26 01:06:00,002 ] 14 root - INFO - >>>>>>>>>>>>>>>>>>>>>>>>>>>>>>>>>>>>>>>> Data Transformation <<<<<<<<<<<<<<<<<<<<<<<<<<<<<<<<<<<<<<<<
[ 2023-01-26 01:06:00,002 ] 25 root - INFO - Loading transformer model and target encoder
[ 2023-01-26 01:06:00,008 ] 31 root - INFO - Saving model into model pusher directory
[ 2023-01-26 01:06:00,008 ] 52 root - INFO - Entered the save_object method of utils
[ 2023-01-26 01:06:00,010 ] 56 root - INFO - Exited the save_object method of utils
[ 2023-01-26 01:06:00,010 ] 52 root - INFO - Entered the save_object method of utils
[ 2023-01-26 01:06:00,015 ] 56 root - INFO - Exited the save_object method of utils
[ 2023-01-26 01:06:00,015 ] 52 root - INFO - Entered the save_object method of utils
[ 2023-01-26 01:06:00,016 ] 56 root - INFO - Exited the save_object method of utils
[ 2023-01-26 01:06:00,016 ] 38 root - INFO - Saving model in saved model dir
[ 2023-01-26 01:06:00,016 ] 52 root - INFO - Entered the save_object method of utils
[ 2023-01-26 01:06:00,018 ] 56 root - INFO - Exited the save_object method of utils
[ 2023-01-26 01:06:00,018 ] 52 root - INFO - Entered the save_object method of utils
[ 2023-01-26 01:06:00,022 ] 56 root - INFO - Exited the save_object method of utils
[ 2023-01-26 01:06:00,023 ] 52 root - INFO - Entered the save_object method of utils
[ 2023-01-26 01:06:00,023 ] 56 root - INFO - Exited the save_object method of utils
[ 2023-01-26 01:06:00,023 ] 49 root - INFO - Model pusher artifact: ModelPusherArtifact(pusher_model_dir='/config/workspace/artifact/01262023__010521/model_pusher/saved_models', saved_model_dir='saved_models')
